<?xml version="1.0" encoding="utf-8" standalone="no"?>
<!--This file represents the results of running a test suite-->
<test-results name="C:\Users\AccionLT006\Documents\Visual Studio 2012\Projects\MortageCalculatorDemo\MortageCalculatorDemo\bin\Debug\MortageCalculatorDemo.exe" total="1" errors="0" failures="0" not-run="0" inconclusive="0" ignored="0" skipped="0" invalid="0" date="2013-11-26" time="21:48:40">
  <environment nunit-version="2.6.1.12217" clr-version="2.0.50727.5420" os-version="Microsoft Windows NT 6.1.7601 Service Pack 1" platform="Win32NT" cwd="C:\users\accionlt006\documents\visual studio 2012\Projects\MortageCalculatorDemo" machine-name="DEEPAK1078" user="Deepak" user-domain="DEEPAK1078" />
  <culture-info current-culture="en-US" current-uiculture="en-US" />
  <test-suite type="Assembly" name="C:\Users\AccionLT006\Documents\Visual Studio 2012\Projects\MortageCalculatorDemo\MortageCalculatorDemo\bin\Debug\MortageCalculatorDemo.exe" executed="True" result="Success" success="True" time="15.600" asserts="0">
    <results>
      <test-suite type="Namespace" name="MortageCalculatorDemo" executed="True" result="Success" success="True" time="15.557" asserts="0">
        <results>
          <test-suite type="TestFixture" name="MortageCalculatorDemoFeature" description="MortageCalculatorDemo" executed="True" result="Success" success="True" time="15.555" asserts="0">
            <results>
              <test-case name="MortageCalculatorDemo.MortageCalculatorDemoFeature.PublishAndRunMortageCalculator" description="publish and run Mortage Calculator" executed="True" result="Success" success="True" time="14.592" asserts="0">
                <categories>
                  <category name="mytag" />
                </categories>
              </test-case>
            </results>
          </test-suite>
        </results>
      </test-suite>
    </results>
  </test-suite>
</test-results>